<?xml version="1.0" encoding="UTF-8"?>
<!-- Generated by org.testng.reporters.JUnitReportReporter -->
<testsuite hostname="LAPTOP-60OOO3EL" failures="0" tests="1" name="rahulshettyacademy.tests.ErrorValidations" time="23.114" errors="0" timestamp="2024-08-06T21:29:49 PDT" skipped="0">
  <testcase classname="rahulshettyacademy.tests.ErrorValidations" name="submitOrder" time="23.114"/>
</testsuite> <!-- rahulshettyacademy.tests.ErrorValidations -->
