<?xml version="1.0" encoding="UTF-8"?>
<!-- Generated by org.testng.reporters.JUnitReportReporter -->
<testsuite hostname="LAPTOP-60OOO3EL" failures="0" tests="1" name="cucumber.TestNGTestRunner" time="8.717" errors="0" timestamp="2024-08-28T21:07:10 PDT" skipped="0">
  <testcase classname="cucumber.TestNGTestRunner" name="runScenario" time="8.717"/>
</testsuite> <!-- cucumber.TestNGTestRunner -->
