<?xml version="1.0" encoding="UTF-8"?>
<!-- Generated by org.testng.reporters.JUnitReportReporter -->
<testsuite hostname="LAPTOP-60OOO3EL" failures="0" tests="3" name="rahulshettyacademy.tests.SubmitOrderTest" time="84.020" errors="0" timestamp="2024-08-14T20:12:52 PDT" skipped="0">
  <testcase classname="rahulshettyacademy.tests.SubmitOrderTest" name="submitorder" time="36.522"/>
  <testcase classname="rahulshettyacademy.tests.SubmitOrderTest" name="OrderHistoryTest" time="17.968"/>
  <testcase classname="rahulshettyacademy.tests.SubmitOrderTest" name="submitorder" time="29.530"/>
</testsuite> <!-- rahulshettyacademy.tests.SubmitOrderTest -->
