<?xml version="1.0" encoding="UTF-8"?>
<!-- Generated by org.testng.reporters.JUnitReportReporter -->
<testsuite hostname="LAPTOP-60OOO3EL" failures="0" tests="2" name="rahulshettyacademy.tests.ErrorValidationsTest" time="56.826" errors="0" timestamp="2024-08-14T20:12:52 PDT" skipped="0">
  <testcase classname="rahulshettyacademy.tests.ErrorValidationsTest" name="ProductErrorValidation" time="35.252"/>
  <testcase classname="rahulshettyacademy.tests.ErrorValidationsTest" name="LoginErrorValidation" time="21.574"/>
</testsuite> <!-- rahulshettyacademy.tests.ErrorValidationsTest -->
