<?xml version="1.0" encoding="UTF-8"?>
<!-- Generated by org.testng.reporters.JUnitReportReporter -->
<testsuite hostname="LAPTOP-60OOO3EL" failures="0" tests="1" name="rahulshettyacademy.tests.ErrorValidationsTest" time="19.368" errors="0" timestamp="2024-08-14T21:45:37 PDT" skipped="0">
  <testcase classname="rahulshettyacademy.tests.ErrorValidationsTest" name="LoginErrorValidation" time="19.368"/>
</testsuite> <!-- rahulshettyacademy.tests.ErrorValidationsTest -->
