<?xml version="1.0" encoding="UTF-8"?>
<!-- Generated by org.testng.reporters.JUnitReportReporter -->
<testsuite hostname="LAPTOP-60OOO3EL" failures="0" tests="1" name="cucumber.TestNGTestRunner" time="36.492" errors="0" timestamp="2024-08-28T22:10:51 PDT" skipped="0">
  <testcase classname="cucumber.TestNGTestRunner" name="runScenario" time="36.492"/>
</testsuite> <!-- cucumber.TestNGTestRunner -->
